[2017-11-15 17:12:33][INFO] 2 Searched!!
[2017-11-15 17:13:33][INFO] 1 Searched!!
[2017-11-15 17:14:33][INFO] 3 Searched!!
[2017-11-15 17:15:33][INFO] 9 Searched!!
[2017-11-15 17:16:33][INFO] 8 Searched!!
[2017-11-15 17:17:33][INFO] 8 Searched!!
[2017-11-15 17:18:33][INFO] 8 Searched!!
[2017-11-15 17:19:33][INFO] 8 Searched!!
[2017-11-15 17:20:33][INFO] 8 Searched!!
[2017-11-15 17:20:33][INFO] 81 Searched!!
[2017-11-15 17:21:33][INFO] 82 Searched!!
[2017-11-15 19:21:33][INFO] 182 Searched!!
[2017-11-15 19:22:33][INFO] 1282 Searched!!
[2017-11-15 19:21:33][INFO] 182 Searched!!
[2017-11-15 19:22:33][INFO] 1282 Searched!!
[2017-11-19 20:26:33][INFO] test message!
[2017-11-19 20:37:33][INFO] test message2!
[2017-11-19 20:37:33][ERROR] error test!!
 stack trace : this error is not good
[2017-11-19 21:05:33][ERROR] error test2!!
 stack trace : this error is not good
[2017-11-19 21:05:33][ERROR] error test3!!
 stack trace : this error is not good
[2017-11-19 21:05:33][ERROR] error test3!!
 stack trace : this error is not good
[2017-11-19 21:05:33][ERROR] error test3!!
 stack trace : this error is not good
[2017-11-19 21:05:33][ERROR] error test3!!
 stack trace : this error is not good
[2017-11-19 21:05:33][ERROR] error test3!!
 stack trace : this error is not good
[2017-11-19 21:05:33][ERROR] error test3!!
 stack trace : this error is not good
[2017-11-19 21:05:33][ERROR] error test3!!
 stack trace : this error is not good
[2017-11-19 21:05:33][ERROR] error test3!!
 stack trace : this error is not good
[2017-11-19 21:05:33][ERROR] error test3!!
 stack trace : this error is not good
[2017-11-19 21:05:33][ERROR] error test3!!
 stack trace : this error is not good
[2017-11-19 21:05:33][ERROR] error test3!!
 stack trace : this error is not good
[2017-11-19 21:05:33][ERROR] error test3!!
 stack trace : this error is not good
[2017-11-19 21:05:33][ERROR] error test3!!
 stack trace : this error is not good
[2017-11-19 21:05:33][ERROR] error test3!!
 stack trace : this error is not good
[2017-11-19 21:05:33][ERROR] error test3!!
 stack trace : this error is not good
[2017-11-19 21:05:33][ERROR] error test3!!
 stack trace : this error is not good
[2017-11-19 21:05:33][ERROR] error test3!!
 stack trace : this error is not good
[2017-11-19 21:05:33][ERROR] error test3!!
 stack trace : this error is not good
[2017-11-19 21:05:33][ERROR] error test3!!
 stack trace : this error is not good
[2017-11-19 21:05:33][ERROR] error test3!!
 stack trace : this error is not good
[2017-11-19 21:05:33][ERROR] error test3!!
 stack trace : this error is not good
[2017-11-19 21:05:33][ERROR] error test3!!
 stack trace : this error is not good
[2017-11-19 21:05:33][ERROR] error test3!!
 stack trace : this error is not good
[2017-11-19 21:05:33][ERROR] error test3!!
 stack trace : this error is not good
[2017-11-19 21:05:33][ERROR] error test3!!
 stack trace : this error is not good
[2017-11-19 21:05:33][ERROR] error test3!!
 stack trace : this error is not good
[2017-11-19 21:05:33][ERROR] error test3!!
 stack trace : this error is not good
[2017-11-19 21:05:33][ERROR] error test3!!
 stack trace : this error is not good
[2017-11-19 21:05:33][ERROR] error test3!!
 stack trace : this error is not good
[2017-11-19 21:05:33][ERROR] error test3!!
 stack trace : this error is not good
[2017-11-19 21:05:33][ERROR] error test3!!
 stack trace : this error is not good
[2017-11-19 21:05:33][ERROR] error test3!!
 stack trace : this error is not good
[2017-11-19 21:05:33][ERROR] error test3!!
 stack trace : this error is not good
[2017-11-19 21:05:33][ERROR] error test3!!
 stack trace : this error is not good
[2017-11-19 21:05:33][ERROR] error test3!!
 stack trace : this error is not good
[2017-11-19 21:05:33][ERROR] error test3!!
 stack trace : this error is not good
[2017-11-19 21:05:33][ERROR] error test3!!
 stack trace : this error is not good
[2017-11-19 21:05:33][ERROR] error test3!!
 stack trace : this error is not good
[2017-11-19 21:05:33][ERROR] error test3!!
 stack trace : this error is not good
[2017-11-19 21:05:33][ERROR] error test3!!
 stack trace : this error is not good
[2017-11-19 21:05:33][ERROR] error test3!!
 stack trace : this error is not good
[2017-11-19 21:05:33][ERROR] error test3!!
 stack trace : this error is not good
[2017-11-19 21:05:33][ERROR] error test3!!
 stack trace : this error is not good
[2017-11-19 21:05:33][ERROR] error test3!!
 stack trace : this error is not good
[2017-11-19 21:05:33][ERROR] error test3!!
 stack trace : this error is not good
[2017-11-19 21:05:33][ERROR] error test3!!
 stack trace : this error is not good
[2017-11-19 21:05:33][ERROR] error test3!!
 stack trace : this error is not good
[2017-11-19 21:05:33][ERROR] error test3!!
 stack trace : this error is not good
[2017-11-19 21:05:33][ERROR] error test3!!
 stack trace : this error is not good
[2017-11-19 21:05:33][ERROR] error test3!!
 stack trace : this error is not good
[2017-11-19 21:05:33][ERROR] error test3!!
 stack trace : this error is not good
[2017-11-19 21:05:33][ERROR] error test3!!
 stack trace : this error is not good
[2017-11-19 21:05:33][ERROR] error test3!!
 stack trace : this error is not good
[2017-11-19 21:05:33][ERROR] error test3!!
 stack trace : this error is not good
[2017-11-19 21:05:33][ERROR] error test3!!
 stack trace : this error is not good
[2017-11-19 21:05:33][ERROR] error test3!!
 stack trace : this error is not good
[2017-11-19 21:05:33][ERROR] error test3!!
 stack trace : this error is not good
[2017-11-19 21:05:33][ERROR] error test3!!
 stack trace : this error is not good
[2017-11-19 21:05:33][ERROR] error test3!!
 stack trace : this error is not good
[2017-11-19 21:05:33][ERROR] error test3!!
 stack trace : this error is not good
[2017-11-19 21:05:33][ERROR] error test3!!
 stack trace : this error is not good
